package configuration for openssl
cflags: 
ldflags: 
libs: -lssl -lcrypto -lz 

have_var: checking for rb_trap_immediate in ruby.h,rubysig.h... -------------------- no

"/usr/local/Cellar/gcc46/4.6.4/bin/gcc-4.6 -o conftest -I/Users/capollo/.rvm/rubies/ruby-1.9.3-p545/include/ruby-1.9.1/x86_64-darwin12.5.0 -I/Users/capollo/.rvm/rubies/ruby-1.9.3-p545/include/ruby-1.9.1/ruby/backward -I/Users/capollo/.rvm/rubies/ruby-1.9.3-p545/include/ruby-1.9.1 -I. -D_XOPEN_SOURCE -D_DARWIN_C_SOURCE   -I/usr/local/opt/libyaml/include -I/usr/local/opt/readline/include -I/usr/local/opt/libksba/include -I/usr/local/opt/openssl/include  -O3 -ggdb -Wall -Wextra -Wno-unused-parameter -Wno-parentheses -Wno-long-long -Wno-missing-field-initializers -Wpointer-arith -Wwrite-strings -Wdeclaration-after-statement -Wimplicit-function-declaration  -fno-common -pipe  conftest.c  -L. -L/Users/capollo/.rvm/rubies/ruby-1.9.3-p545/lib -L/usr/local/opt/libyaml/lib -L/usr/local/opt/readline/lib -L/usr/local/opt/libksba/lib -L/usr/local/opt/openssl/lib -L. -L/usr/local/lib -L/usr/local/opt/libyaml/lib -L/usr/local/opt/readline/lib -L/usr/local/opt/libksba/lib -L/usr/local/opt/openssl/lib       -lssl -lcrypto -lz  -lruby.1.9.1  -lpthread -ldl -lobjc "
checked program was:
/* begin */
1: #include "ruby.h"
2: 
3: int main(int argc, char **argv)
4: {
5:   return 0;
6: }
/* end */

"/usr/local/Cellar/gcc46/4.6.4/bin/gcc-4.6 -I/Users/capollo/.rvm/rubies/ruby-1.9.3-p545/include/ruby-1.9.1/x86_64-darwin12.5.0 -I/Users/capollo/.rvm/rubies/ruby-1.9.3-p545/include/ruby-1.9.1/ruby/backward -I/Users/capollo/.rvm/rubies/ruby-1.9.3-p545/include/ruby-1.9.1 -I. -D_XOPEN_SOURCE -D_DARWIN_C_SOURCE   -I/usr/local/opt/libyaml/include -I/usr/local/opt/readline/include -I/usr/local/opt/libksba/include -I/usr/local/opt/openssl/include  -O3 -ggdb -Wall -Wextra -Wno-unused-parameter -Wno-parentheses -Wno-long-long -Wno-missing-field-initializers -Wpointer-arith -Wwrite-strings -Wdeclaration-after-statement -Wimplicit-function-declaration  -fno-common -pipe    -c conftest.c"
In file included from conftest.c:4:0:
/Users/capollo/.rvm/rubies/ruby-1.9.3-p545/include/ruby-1.9.1/ruby/backward/rubysig.h:14:2: warning: #warning rubysig.h is obsolete [-Wcpp]
conftest.c: In function 't':
conftest.c:7:51: error: 'rb_trap_immediate' undeclared (first use in this function)
conftest.c:7:51: note: each undeclared identifier is reported only once for each function it appears in
conftest.c:7:41: warning: variable 'p' set but not used [-Wunused-but-set-variable]
checked program was:
/* begin */
 1: #include "ruby.h"
 2: 
 3: #include <ruby.h>
 4: #include <rubysig.h>
 5: 
 6: /*top*/
 7: int t() { const volatile void *volatile p; p = &(&rb_trap_immediate)[0]; return 0; }
 8: int main(int argc, char **argv)
 9: {
10:   if (argc > 1000000) {
11:     printf("%p", &t);
12:   }
13: 
14:   return 0;
15: }
/* end */

--------------------

have_func: checking for rb_thread_blocking_region()... -------------------- yes

"/usr/local/Cellar/gcc46/4.6.4/bin/gcc-4.6 -o conftest -I/Users/capollo/.rvm/rubies/ruby-1.9.3-p545/include/ruby-1.9.1/x86_64-darwin12.5.0 -I/Users/capollo/.rvm/rubies/ruby-1.9.3-p545/include/ruby-1.9.1/ruby/backward -I/Users/capollo/.rvm/rubies/ruby-1.9.3-p545/include/ruby-1.9.1 -I. -D_XOPEN_SOURCE -D_DARWIN_C_SOURCE   -I/usr/local/opt/libyaml/include -I/usr/local/opt/readline/include -I/usr/local/opt/libksba/include -I/usr/local/opt/openssl/include  -O3 -ggdb -Wall -Wextra -Wno-unused-parameter -Wno-parentheses -Wno-long-long -Wno-missing-field-initializers -Wpointer-arith -Wwrite-strings -Wdeclaration-after-statement -Wimplicit-function-declaration  -fno-common -pipe  conftest.c  -L. -L/Users/capollo/.rvm/rubies/ruby-1.9.3-p545/lib -L/usr/local/opt/libyaml/lib -L/usr/local/opt/readline/lib -L/usr/local/opt/libksba/lib -L/usr/local/opt/openssl/lib -L. -L/usr/local/lib -L/usr/local/opt/libyaml/lib -L/usr/local/opt/readline/lib -L/usr/local/opt/libksba/lib -L/usr/local/opt/openssl/lib       -lssl -lcrypto -lz  -lruby.1.9.1  -lssl -lcrypto -lz  -lpthread -ldl -lobjc "
conftest.c: In function 't':
conftest.c:4:28: warning: variable 'p' set but not used [-Wunused-but-set-variable]
checked program was:
/* begin */
 1: #include "ruby.h"
 2: 
 3: /*top*/
 4: int t() { void ((*volatile p)()); p = (void ((*)()))rb_thread_blocking_region; return 0; }
 5: int main(int argc, char **argv)
 6: {
 7:   if (argc > 1000000) {
 8:     printf("%p", &t);
 9:   }
10: 
11:   return 0;
12: }
/* end */

--------------------

have_func: checking for inotify_init() in sys/inotify.h... -------------------- no

"/usr/local/Cellar/gcc46/4.6.4/bin/gcc-4.6 -o conftest -I/Users/capollo/.rvm/rubies/ruby-1.9.3-p545/include/ruby-1.9.1/x86_64-darwin12.5.0 -I/Users/capollo/.rvm/rubies/ruby-1.9.3-p545/include/ruby-1.9.1/ruby/backward -I/Users/capollo/.rvm/rubies/ruby-1.9.3-p545/include/ruby-1.9.1 -I. -D_XOPEN_SOURCE -D_DARWIN_C_SOURCE   -I/usr/local/opt/libyaml/include -I/usr/local/opt/readline/include -I/usr/local/opt/libksba/include -I/usr/local/opt/openssl/include  -O3 -ggdb -Wall -Wextra -Wno-unused-parameter -Wno-parentheses -Wno-long-long -Wno-missing-field-initializers -Wpointer-arith -Wwrite-strings -Wdeclaration-after-statement -Wimplicit-function-declaration  -fno-common -pipe  conftest.c  -L. -L/Users/capollo/.rvm/rubies/ruby-1.9.3-p545/lib -L/usr/local/opt/libyaml/lib -L/usr/local/opt/readline/lib -L/usr/local/opt/libksba/lib -L/usr/local/opt/openssl/lib -L. -L/usr/local/lib -L/usr/local/opt/libyaml/lib -L/usr/local/opt/readline/lib -L/usr/local/opt/libksba/lib -L/usr/local/opt/openssl/lib       -lssl -lcrypto -lz  -lruby.1.9.1  -lssl -lcrypto -lz  -lpthread -ldl -lobjc "
conftest.c:3:25: fatal error: sys/inotify.h: No such file or directory
compilation terminated.
checked program was:
/* begin */
 1: #include "ruby.h"
 2: 
 3: #include <sys/inotify.h>
 4: 
 5: /*top*/
 6: int t() { void ((*volatile p)()); p = (void ((*)()))inotify_init; return 0; }
 7: int main(int argc, char **argv)
 8: {
 9:   if (argc > 1000000) {
10:     printf("%p", &t);
11:   }
12: 
13:   return 0;
14: }
/* end */

"/usr/local/Cellar/gcc46/4.6.4/bin/gcc-4.6 -o conftest -I/Users/capollo/.rvm/rubies/ruby-1.9.3-p545/include/ruby-1.9.1/x86_64-darwin12.5.0 -I/Users/capollo/.rvm/rubies/ruby-1.9.3-p545/include/ruby-1.9.1/ruby/backward -I/Users/capollo/.rvm/rubies/ruby-1.9.3-p545/include/ruby-1.9.1 -I. -D_XOPEN_SOURCE -D_DARWIN_C_SOURCE   -I/usr/local/opt/libyaml/include -I/usr/local/opt/readline/include -I/usr/local/opt/libksba/include -I/usr/local/opt/openssl/include  -O3 -ggdb -Wall -Wextra -Wno-unused-parameter -Wno-parentheses -Wno-long-long -Wno-missing-field-initializers -Wpointer-arith -Wwrite-strings -Wdeclaration-after-statement -Wimplicit-function-declaration  -fno-common -pipe  conftest.c  -L. -L/Users/capollo/.rvm/rubies/ruby-1.9.3-p545/lib -L/usr/local/opt/libyaml/lib -L/usr/local/opt/readline/lib -L/usr/local/opt/libksba/lib -L/usr/local/opt/openssl/lib -L. -L/usr/local/lib -L/usr/local/opt/libyaml/lib -L/usr/local/opt/readline/lib -L/usr/local/opt/libksba/lib -L/usr/local/opt/openssl/lib       -lssl -lcrypto -lz  -lruby.1.9.1  -lssl -lcrypto -lz  -lpthread -ldl -lobjc "
conftest.c:3:25: fatal error: sys/inotify.h: No such file or directory
compilation terminated.
checked program was:
/* begin */
 1: #include "ruby.h"
 2: 
 3: #include <sys/inotify.h>
 4: 
 5: /*top*/
 6: int t() { inotify_init(); return 0; }
 7: int main(int argc, char **argv)
 8: {
 9:   if (argc > 1000000) {
10:     printf("%p", &t);
11:   }
12: 
13:   return 0;
14: }
/* end */

--------------------

have_macro: checking for __NR_inotify_init in sys/syscall.h... -------------------- no

"/usr/local/Cellar/gcc46/4.6.4/bin/gcc-4.6 -I/Users/capollo/.rvm/rubies/ruby-1.9.3-p545/include/ruby-1.9.1/x86_64-darwin12.5.0 -I/Users/capollo/.rvm/rubies/ruby-1.9.3-p545/include/ruby-1.9.1/ruby/backward -I/Users/capollo/.rvm/rubies/ruby-1.9.3-p545/include/ruby-1.9.1 -I. -D_XOPEN_SOURCE -D_DARWIN_C_SOURCE   -I/usr/local/opt/libyaml/include -I/usr/local/opt/readline/include -I/usr/local/opt/libksba/include -I/usr/local/opt/openssl/include  -O3 -ggdb -Wall -Wextra -Wno-unused-parameter -Wno-parentheses -Wno-long-long -Wno-missing-field-initializers -Wpointer-arith -Wwrite-strings -Wdeclaration-after-statement -Wimplicit-function-declaration  -fno-common -pipe    -c conftest.c"
conftest.c:6:3: error: #error 
conftest.c:7:1: error: expected identifier or '(' before '>>' token
checked program was:
/* begin */
1: #include "ruby.h"
2: 
3: #include <sys/syscall.h>
4: /*top*/
5: #ifndef __NR_inotify_init
6: # error
7: >>>>>> __NR_inotify_init undefined <<<<<<
8: #endif
/* end */

--------------------

have_func: checking for writev() in sys/uio.h... -------------------- yes

"/usr/local/Cellar/gcc46/4.6.4/bin/gcc-4.6 -o conftest -I/Users/capollo/.rvm/rubies/ruby-1.9.3-p545/include/ruby-1.9.1/x86_64-darwin12.5.0 -I/Users/capollo/.rvm/rubies/ruby-1.9.3-p545/include/ruby-1.9.1/ruby/backward -I/Users/capollo/.rvm/rubies/ruby-1.9.3-p545/include/ruby-1.9.1 -I. -D_XOPEN_SOURCE -D_DARWIN_C_SOURCE   -I/usr/local/opt/libyaml/include -I/usr/local/opt/readline/include -I/usr/local/opt/libksba/include -I/usr/local/opt/openssl/include  -O3 -ggdb -Wall -Wextra -Wno-unused-parameter -Wno-parentheses -Wno-long-long -Wno-missing-field-initializers -Wpointer-arith -Wwrite-strings -Wdeclaration-after-statement -Wimplicit-function-declaration  -fno-common -pipe  conftest.c  -L. -L/Users/capollo/.rvm/rubies/ruby-1.9.3-p545/lib -L/usr/local/opt/libyaml/lib -L/usr/local/opt/readline/lib -L/usr/local/opt/libksba/lib -L/usr/local/opt/openssl/lib -L. -L/usr/local/lib -L/usr/local/opt/libyaml/lib -L/usr/local/opt/readline/lib -L/usr/local/opt/libksba/lib -L/usr/local/opt/openssl/lib       -lssl -lcrypto -lz  -lruby.1.9.1  -lssl -lcrypto -lz  -lpthread -ldl -lobjc "
conftest.c: In function 't':
conftest.c:6:28: warning: variable 'p' set but not used [-Wunused-but-set-variable]
checked program was:
/* begin */
 1: #include "ruby.h"
 2: 
 3: #include <sys/uio.h>
 4: 
 5: /*top*/
 6: int t() { void ((*volatile p)()); p = (void ((*)()))writev; return 0; }
 7: int main(int argc, char **argv)
 8: {
 9:   if (argc > 1000000) {
10:     printf("%p", &t);
11:   }
12: 
13:   return 0;
14: }
/* end */

--------------------

have_func: checking for rb_thread_check_ints()... -------------------- yes

"/usr/local/Cellar/gcc46/4.6.4/bin/gcc-4.6 -o conftest -I/Users/capollo/.rvm/rubies/ruby-1.9.3-p545/include/ruby-1.9.1/x86_64-darwin12.5.0 -I/Users/capollo/.rvm/rubies/ruby-1.9.3-p545/include/ruby-1.9.1/ruby/backward -I/Users/capollo/.rvm/rubies/ruby-1.9.3-p545/include/ruby-1.9.1 -I. -D_XOPEN_SOURCE -D_DARWIN_C_SOURCE   -I/usr/local/opt/libyaml/include -I/usr/local/opt/readline/include -I/usr/local/opt/libksba/include -I/usr/local/opt/openssl/include  -O3 -ggdb -Wall -Wextra -Wno-unused-parameter -Wno-parentheses -Wno-long-long -Wno-missing-field-initializers -Wpointer-arith -Wwrite-strings -Wdeclaration-after-statement -Wimplicit-function-declaration  -fno-common -pipe  conftest.c  -L. -L/Users/capollo/.rvm/rubies/ruby-1.9.3-p545/lib -L/usr/local/opt/libyaml/lib -L/usr/local/opt/readline/lib -L/usr/local/opt/libksba/lib -L/usr/local/opt/openssl/lib -L. -L/usr/local/lib -L/usr/local/opt/libyaml/lib -L/usr/local/opt/readline/lib -L/usr/local/opt/libksba/lib -L/usr/local/opt/openssl/lib       -lssl -lcrypto -lz  -lruby.1.9.1  -lssl -lcrypto -lz  -lpthread -ldl -lobjc "
conftest.c: In function 't':
conftest.c:4:28: warning: variable 'p' set but not used [-Wunused-but-set-variable]
checked program was:
/* begin */
 1: #include "ruby.h"
 2: 
 3: /*top*/
 4: int t() { void ((*volatile p)()); p = (void ((*)()))rb_thread_check_ints; return 0; }
 5: int main(int argc, char **argv)
 6: {
 7:   if (argc > 1000000) {
 8:     printf("%p", &t);
 9:   }
10: 
11:   return 0;
12: }
/* end */

--------------------

have_func: checking for rb_time_new()... -------------------- yes

"/usr/local/Cellar/gcc46/4.6.4/bin/gcc-4.6 -o conftest -I/Users/capollo/.rvm/rubies/ruby-1.9.3-p545/include/ruby-1.9.1/x86_64-darwin12.5.0 -I/Users/capollo/.rvm/rubies/ruby-1.9.3-p545/include/ruby-1.9.1/ruby/backward -I/Users/capollo/.rvm/rubies/ruby-1.9.3-p545/include/ruby-1.9.1 -I. -D_XOPEN_SOURCE -D_DARWIN_C_SOURCE   -I/usr/local/opt/libyaml/include -I/usr/local/opt/readline/include -I/usr/local/opt/libksba/include -I/usr/local/opt/openssl/include  -O3 -ggdb -Wall -Wextra -Wno-unused-parameter -Wno-parentheses -Wno-long-long -Wno-missing-field-initializers -Wpointer-arith -Wwrite-strings -Wdeclaration-after-statement -Wimplicit-function-declaration  -fno-common -pipe  conftest.c  -L. -L/Users/capollo/.rvm/rubies/ruby-1.9.3-p545/lib -L/usr/local/opt/libyaml/lib -L/usr/local/opt/readline/lib -L/usr/local/opt/libksba/lib -L/usr/local/opt/openssl/lib -L. -L/usr/local/lib -L/usr/local/opt/libyaml/lib -L/usr/local/opt/readline/lib -L/usr/local/opt/libksba/lib -L/usr/local/opt/openssl/lib       -lssl -lcrypto -lz  -lruby.1.9.1  -lssl -lcrypto -lz  -lpthread -ldl -lobjc "
conftest.c: In function 't':
conftest.c:4:28: warning: variable 'p' set but not used [-Wunused-but-set-variable]
checked program was:
/* begin */
 1: #include "ruby.h"
 2: 
 3: /*top*/
 4: int t() { void ((*volatile p)()); p = (void ((*)()))rb_time_new; return 0; }
 5: int main(int argc, char **argv)
 6: {
 7:   if (argc > 1000000) {
 8:     printf("%p", &t);
 9:   }
10: 
11:   return 0;
12: }
/* end */

--------------------

have_header: checking for sys/event.h... -------------------- yes

"/usr/local/Cellar/gcc46/4.6.4/bin/gcc-4.6 -E -I/Users/capollo/.rvm/rubies/ruby-1.9.3-p545/include/ruby-1.9.1/x86_64-darwin12.5.0 -I/Users/capollo/.rvm/rubies/ruby-1.9.3-p545/include/ruby-1.9.1/ruby/backward -I/Users/capollo/.rvm/rubies/ruby-1.9.3-p545/include/ruby-1.9.1 -I. -D_XOPEN_SOURCE -D_DARWIN_C_SOURCE   -I/usr/local/opt/libyaml/include -I/usr/local/opt/readline/include -I/usr/local/opt/libksba/include -I/usr/local/opt/openssl/include  -O3 -ggdb -Wall -Wextra -Wno-unused-parameter -Wno-parentheses -Wno-long-long -Wno-missing-field-initializers -Wpointer-arith -Wwrite-strings -Wdeclaration-after-statement -Wimplicit-function-declaration  -fno-common -pipe   conftest.c -o conftest.i"
checked program was:
/* begin */
1: #include "ruby.h"
2: 
3: #include <sys/event.h>
/* end */

--------------------

have_header: checking for sys/queue.h... -------------------- yes

"/usr/local/Cellar/gcc46/4.6.4/bin/gcc-4.6 -E -I/Users/capollo/.rvm/rubies/ruby-1.9.3-p545/include/ruby-1.9.1/x86_64-darwin12.5.0 -I/Users/capollo/.rvm/rubies/ruby-1.9.3-p545/include/ruby-1.9.1/ruby/backward -I/Users/capollo/.rvm/rubies/ruby-1.9.3-p545/include/ruby-1.9.1 -I. -D_XOPEN_SOURCE -D_DARWIN_C_SOURCE   -I/usr/local/opt/libyaml/include -I/usr/local/opt/readline/include -I/usr/local/opt/libksba/include -I/usr/local/opt/openssl/include  -O3 -ggdb -Wall -Wextra -Wno-unused-parameter -Wno-parentheses -Wno-long-long -Wno-missing-field-initializers -Wpointer-arith -Wwrite-strings -Wdeclaration-after-statement -Wimplicit-function-declaration  -fno-common -pipe   conftest.c -o conftest.i"
checked program was:
/* begin */
1: #include "ruby.h"
2: 
3: #include <sys/queue.h>
/* end */

--------------------

"g++ -o conftest -I/Users/capollo/.rvm/rubies/ruby-1.9.3-p545/include/ruby-1.9.1/x86_64-darwin12.5.0 -I/Users/capollo/.rvm/rubies/ruby-1.9.3-p545/include/ruby-1.9.1/ruby/backward -I/Users/capollo/.rvm/rubies/ruby-1.9.3-p545/include/ruby-1.9.1 -I. -D_XOPEN_SOURCE -D_DARWIN_C_SOURCE   -I/usr/local/opt/libyaml/include -I/usr/local/opt/readline/include -I/usr/local/opt/libksba/include -I/usr/local/opt/openssl/include  -O3 -ggdb -Wall -Wextra -Wno-unused-parameter -Wno-parentheses -Wno-long-long -Wno-missing-field-initializers -Wpointer-arith -Wwrite-strings -Wdeclaration-after-statement -Wimplicit-function-declaration  -fno-common -pipe  conftest.c  -L. -L/Users/capollo/.rvm/rubies/ruby-1.9.3-p545/lib -L/usr/local/opt/libyaml/lib -L/usr/local/opt/readline/lib -L/usr/local/opt/libksba/lib -L/usr/local/opt/openssl/lib -L. -L/usr/local/lib -L/usr/local/opt/libyaml/lib -L/usr/local/opt/readline/lib -L/usr/local/opt/libksba/lib -L/usr/local/opt/openssl/lib       -lssl -lcrypto -lz  -lruby.1.9.1 -lstdc++ -lpthread -ldl -lobjc "
clang: warning: treating 'c' input as 'c++' when in C++ mode, this behavior is deprecated
conftest.c:5:29: warning: unused variable 'tuple' [-Wunused-variable]
  int main(){ pair<int,int> tuple = make_pair(1,2); }
                            ^
1 warning generated.
checked program was:
/* begin */
1: #include "ruby.h"
2: 
3:   #include <utility>
4:   using namespace std;
5:   int main(){ pair<int,int> tuple = make_pair(1,2); }
/* end */

